{
  "questions": [],
  "resolved": [
    "Documented feature 'Code Analysis' status in docs/feature_audit.md.",
    "Documented feature 'Complete Sprint-EDRR integration' status in docs/feature_audit.md.",
    "Documented feature 'Complete memory system integration' status in docs/feature_audit.md.",
    "Documented feature 'Critical recommendations follow-up' status in docs/feature_audit.md.",
    "Documented feature 'Dialectical audit gating' status in docs/feature_audit.md.",
    "Documented feature 'Enhance retry mechanism' status in docs/feature_audit.md.",
    "Documented feature 'Exceptions Framework' status in docs/feature_audit.md.",
    "Documented feature 'Expand test generation capabilities' status in docs/feature_audit.md.",
    "Documented feature 'Feature Markers' status in docs/feature_audit.md.",
    "Documented feature 'Finalize WSDE/EDRR workflow logic' status in docs/feature_audit.md.",
    "Documented feature 'Finalize dialectical reasoning' status in docs/feature_audit.md.",
    "Documented feature 'Improve deployment automation' status in docs/feature_audit.md.",
    "Documented feature 'Logging Setup Utilities' status in docs/feature_audit.md.",
    "Documented feature 'Multi-Agent Collaboration' status in docs/feature_audit.md.",
    "Documented feature 'Multi-Layered Memory System' status in docs/feature_audit.md.",
    "Documented feature 'Performance and scalability testing' status in docs/feature_audit.md.",
    "Documented feature 'Release state check' status in docs/feature_audit.md.",
    "Documented feature 'Resolve pytest-xdist assertion errors' status in docs/feature_audit.md.",
    "Documented feature 'Review and Reprioritize Open Issues' status in docs/feature_audit.md.",
    "Documented feature 'User Authentication' status in docs/feature_audit.md.",
    "Documented feature 'Version bump script' status in docs/feature_audit.md."
  ]
}
