===================================================== test session starts ======================================================
platform linux -- Python 3.12.10, pytest-8.4.2, pluggy-1.6.0
rootdir: /workspace/devsynth
configfile: pytest.ini
plugins: rerunfailures-16.0.1, anyio-4.10.0, xdist-3.8.0, cov-6.3.0, bdd-8.1.0, html-4.1.1, hypothesis-6.138.14, mock-3.15.0, metadata-3.1.1, Faker-37.6.0, langsmith-0.4.26, asyncio-1.1.0
asyncio: mode=Mode.STRICT, asyncio_default_fixture_loop_scope=None, asyncio_default_test_loop_scope=function
collected 451 items / 256 deselected / 2 skipped / 195 selected

tests/unit/interface/test_agentapi_enhanced_bridge.py ssss                                                               [  2%]
tests/unit/interface/test_agentapi_rate_limit_progress.py sss                                                            [  3%]
tests/unit/interface/test_webui_behavior_checklist_fast.py .......................                                       [ 15%]
tests/unit/interface/test_webui_bridge_cli_parity.py .                                                                   [ 15%]
tests/unit/interface/test_webui_bridge_fast_suite.py .....                                                               [ 18%]
tests/unit/interface/test_webui_bridge_handshake.py .........                                                            [ 23%]
tests/unit/interface/test_webui_bridge_normalize.py ....                                                                 [ 25%]
tests/unit/interface/test_webui_bridge_progress.py .........                                                             [ 29%]
tests/unit/interface/test_webui_bridge_require_streamlit.py ..                                                           [ 30%]
tests/unit/interface/test_webui_bridge_routing.py .....                                                                  [ 33%]
tests/unit/interface/test_webui_bridge_targeted.py ........                                                              [ 37%]
tests/unit/interface/test_webui_commands.py ...........                                                                  [ 43%]
tests/unit/interface/test_webui_display_and_layout.py ........                                                           [ 47%]
tests/unit/interface/test_webui_enhanced.py .........                                                                    [ 51%]
tests/unit/interface/test_webui_handle_command_errors.py .......                                                         [ 55%]
tests/unit/interface/test_webui_layout_and_display_branching.py ..............                                           [ 62%]
tests/unit/interface/test_webui_layout_and_messaging.py ...................                                              [ 72%]
tests/unit/interface/test_webui_lazy_loader_fast.py ...                                                                  [ 73%]
tests/unit/interface/test_webui_progress.py .....                                                                        [ 76%]
tests/unit/interface/test_webui_progress_time.py s                                                                       [ 76%]
tests/unit/interface/test_webui_rendering_module.py sss                                                                  [ 78%]
tests/unit/interface/test_webui_require_streamlit.py ..                                                                  [ 79%]
tests/unit/interface/test_webui_requirements_wizard.py ........                                                          [ 83%]
tests/unit/interface/test_webui_routing.py .......                                                                       [ 87%]
tests/unit/interface/test_webui_run_edge_cases.py ........                                                               [ 91%]
tests/unit/interface/test_webui_run_fast.py .                                                                            [ 91%]
tests/unit/interface/test_webui_state_errors.py .                                                                        [ 92%]
tests/unit/interface/test_webui_streamlit_stub.py ......                                                                 [ 95%]
tests/unit/interface/test_webui_targeted_branches.py .........                                                           [100%]

======================================================= warnings summary =======================================================
.venv/lib/python3.12/site-packages/vbuild/__init__.py:33
  /workspace/devsynth/.venv/lib/python3.12/site-packages/vbuild/__init__.py:33: DeprecationWarning: 'pkgutil.find_loader' is deprecated and slated for removal in Python 3.14; use importlib.util.find_spec() instead
    hasLess = bool(pkgutil.find_loader("lesscpy"))

.venv/lib/python3.12/site-packages/vbuild/__init__.py:34
  /workspace/devsynth/.venv/lib/python3.12/site-packages/vbuild/__init__.py:34: DeprecationWarning: 'pkgutil.find_loader' is deprecated and slated for removal in Python 3.14; use importlib.util.find_spec() instead
    hasSass = bool(pkgutil.find_loader("scss"))

.venv/lib/python3.12/site-packages/vbuild/__init__.py:35
  /workspace/devsynth/.venv/lib/python3.12/site-packages/vbuild/__init__.py:35: DeprecationWarning: 'pkgutil.find_loader' is deprecated and slated for removal in Python 3.14; use importlib.util.find_spec() instead
    hasClosure = bool(pkgutil.find_loader("closure"))

.venv/lib/python3.12/site-packages/_pytest/config/__init__.py:833
  /workspace/devsynth/.venv/lib/python3.12/site-packages/_pytest/config/__init__.py:833: PytestAssertRewriteWarning: Module already imported so cannot be rewritten; tests.fixtures.state_access_fixture
    self.import_plugin(import_spec)

.venv/lib/python3.12/site-packages/_pytest/config/__init__.py:833
  /workspace/devsynth/.venv/lib/python3.12/site-packages/_pytest/config/__init__.py:833: PytestAssertRewriteWarning: Module already imported so cannot be rewritten; tests.fixtures.webui_wizard_state_fixture
    self.import_plugin(import_spec)

-- Docs: https://docs.pytest.org/en/stable/how-to/capture-warnings.html
======================================================== tests coverage ========================================================
_______________________________________ coverage: platform linux, python 3.12.10-final-0 _______________________________________

Name                              Stmts   Miss  Cover   Missing
---------------------------------------------------------------
src/devsynth/interface/webui.py     308      0   100%
---------------------------------------------------------------
TOTAL                               308      0   100%
Coverage JSON written to file issues/tmp_artifacts/webui_behavior_checklist/20250922T030929Z/webui_coverage.json
Required test coverage of 60% reached. Total coverage: 100.00%
================================================= Test Categorization Summary ==================================================
Test Type Distribution:
  Unit Tests: 197
  Integration Tests: 0
  Behavior Tests: 0

Test Speed Distribution:
  Fast Tests (< 1s): 197
  Medium Tests (1-5s): 0
  Slow Tests (> 5s): 0
===================================================== Top 10 Slowest Tests =====================================================
1. tests/unit/interface/test_webui_targeted_branches.py::test_confirm_choice_returns_checkbox_value: 0.18s
2. tests/unit/interface/test_webui_enhanced.py::test_webui_display_result_heading_succeeds: 0.16s
3. tests/unit/interface/test_webui_layout_and_messaging.py::test_get_error_type_matches_keywords[Validation error-validation_error]: 0.16s
4. tests/unit/interface/test_webui_behavior_checklist_fast.py::test_lazy_streamlit_forwards_attributes: 0.14s
5. tests/unit/interface/test_webui_requirements_wizard.py::test_requirements_wizard_save_requirements_succeeds: 0.05s
6. tests/unit/interface/test_webui_progress.py::test_ui_progress_eta_displays_minutes_when_under_hour: 0.03s
7. tests/unit/interface/test_webui_enhanced.py::test_webui_progress_indicator_succeeds: 0.03s
8. tests/unit/interface/test_webui_enhanced.py::test_webui_display_result_success_succeeds: 0.03s
9. tests/unit/interface/test_webui_enhanced.py::test_webui_display_result_warning_succeeds: 0.03s
10. tests/unit/interface/test_webui_targeted_branches.py::test_run_renders_layout_and_router: 0.03s
================================= 184 passed, 13 skipped, 256 deselected, 5 warnings in 9.03s ==================================
