Installing dependencies from lock file

Package operations: 63 installs, 0 updates, 0 removals

  - Installing zipp (3.23.0)
  - Installing importlib-metadata (8.7.0)
  - Installing opentelemetry-api (1.36.0)
  - Installing protobuf (6.32.0)
  - Installing pyasn1 (0.6.1)
  - Installing fsspec (2025.9.0)
  - Installing hf-xet (1.1.9)
  - Installing humanfriendly (10.0)
  - Installing mpmath (1.3.0)
  - Installing oauthlib (3.3.1)
  - Installing opentelemetry-proto (1.36.0)
  - Installing opentelemetry-semantic-conventions (0.57b0)
  - Installing pyasn1-modules (0.4.2)
  - Installing rsa (4.9.1)
  - Installing backoff (2.2.1)
  - Installing coloredlogs (15.0.1)
  - Installing durationpy (0.10)
  - Installing flatbuffers (25.2.10)
  - Installing google-auth (2.40.3)
  - Installing googleapis-common-protos (1.70.0)
  - Installing grpcio (1.74.0)
  - Installing huggingface-hub (0.34.4)
  - Installing narwhals (2.3.0)
  - Installing opentelemetry-exporter-otlp-proto-common (1.36.0)
  - Installing opentelemetry-sdk (1.36.0)
  - Installing pyproject-hooks (1.2.0)
  - Installing pytz (2025.2)
  - Installing requests-oauthlib (2.0.0)
  - Installing sympy (1.14.0)
  - Installing websocket-client (1.8.0)
  - Installing altair (5.5.0)
  - Installing bcrypt (4.3.0)
  - Installing build (1.3.0)
  - Installing httpx-ws (0.7.2)
  - Installing blinker (1.9.0)
  - Installing kubernetes (33.1.0)
  - Installing importlib-resources (6.5.2)
  - Installing mmh3 (5.2.0)
  - Installing msgspec (0.19.0)
  - Installing onnxruntime (1.22.1)
  - Installing opentelemetry-exporter-otlp-proto-grpc (1.36.0)
  - Installing overrides (7.7.0)
  - Installing pandas (2.3.2)
  - Installing pillow (11.3.0)
  - Installing posthog (5.4.0)
  - Installing pyarrow (21.0.0)
  - Installing pybase64 (1.4.2)
  - Installing pydeck (0.9.1)
  - Installing pypika (0.48.9)
  - Installing safetensors (0.6.2)
  - Installing tokenizers (0.22.0)
  - Installing tornado (6.5.2)
  - Installing watchdog (6.0.0)
  - Installing astor (0.8.1)
  - Installing chromadb (1.0.20)
  - Installing duckdb (1.3.2)
  - Installing faiss-cpu (1.12.0)
  - Installing dearpygui (2.1.0)
  - Installing lmdb (1.7.3)
  - Installing kuzu (0.11.2)
  - Installing lmstudio (1.5.0)
  - Installing streamlit (1.49.1)
  - Installing transformers (4.56.1)

Installing the current project: devsynth (0.1.0a1)
