Installing dependencies from lock file

Package operations: 41 installs, 0 updates, 0 removals

  - Installing mergedeep (1.3.4)
  - Installing ghp-import (2.1.0)
  - Installing markdown (3.9)
  - Installing mkdocs-get-deps (0.2.0)
  - Installing pyyaml-env-tag (1.1)
  - Installing watchdog (6.0.0)
  - Installing mkdocs (1.6.1)
  - Installing bracex (2.6)
  - Installing colorama (0.4.6)
  - Installing mkdocs-autorefs (1.4.3)
  - Installing narwhals (2.8.0)
  - Installing pymdown-extensions (10.16.1)
  - Installing pytz (2025.2)
  - Installing altair (5.5.0)
  - Installing babel (2.17.0)
  - Installing backrefs (5.9)
  - Installing blinker (1.9.0)
  - Installing httpx-ws (0.8.0)
  - Installing griffe (1.14.0)
  - Installing mkdocs-material-extensions (1.3.1)
  - Installing mkdocstrings (0.30.1)
  - Installing msgspec (0.19.0)
  - Installing paginate (0.5.7)
  - Installing pandas (2.3.3)
  - Installing pillow (11.3.0)
  - Installing pyarrow (21.0.0)
  - Installing pydeck (0.9.1)
  - Installing safetensors (0.6.2)
  - Installing tornado (6.5.2)
  - Installing wcmatch (10.1)
  - Installing dearpygui (2.1.0)
  - Installing lmstudio (1.5.0)
  - Installing mkdocs-gen-files (0.5.0)
  - Installing mkdocs-include-markdown-plugin (7.2.0)
  - Installing mkdocs-literate-nav (0.6.2)
  - Installing mkdocs-material (9.6.22)
  - Installing mkdocs-section-index (0.3.10)
  - Installing mkdocs-typer2 (0.1.6)
  - Installing mkdocstrings-python (1.18.2)
  - Installing streamlit (1.50.0)
  - Installing transformers (4.57.1)

Installing the current project: devsynth (0.1.0a1)
