task: [release:prep] poetry env info --path
/workspace/devsynth/.venv
task: [release:prep] poetry run python scripts/verify_python_version.py
[info] Python 3.12.10 detected
task: [release:prep] poetry install --with dev --extras "tests retrieval chromadb api"
Installing dependencies from lock file

No dependencies to install or update

Installing the current project: devsynth (0.1.0a1)
task: [release:prep] bash -lc 'mkdir -p diagnostics; poetry run python scripts/verify_test_markers.py | tee diagnostics/release_prep_verify_markers.txt; EXIT=${PIPESTATUS[0]}; exit $EXIT'
[info] verify_test_markers: files=1254, cache_hits=1254, cache_misses=0, issues=0, speed_violations=0, property_violations=0
task: [clean] rm -rf dist
task: [clean] rm -rf .pytest_cache
task: [clean] rm -rf .coverage
task: [clean] rm -rf coverage.xml
task: [clean] rm -rf site
task: [clean] find . -type d -name __pycache__ -exec rm -rf {} +
task: [clean] find . -name '*\,cover' -delete
task: [build:wheel] poetry build --format wheel
Building devsynth (0.1.0a1)

Invalid TOML file /workspace/devsynth/pyproject.toml: Key "overrides" already exists. at line 304 col 0
task: Failed to run task "release:prep": exit status 1
