$ task release:prep
task: [release:prep] poetry env info --path
/workspace/devsynth/.venv
task: [release:prep] poetry run python scripts/verify_python_version.py
[info] Python 3.12.10 detected
task: [release:prep] poetry install --with dev --extras "tests retrieval chromadb api"
Installing dependencies from lock file

No dependencies to install or update

Installing the current project: devsynth (0.1.0a1)
task: [release:prep] bash -lc 'mkdir -p diagnostics; poetry run python scripts/verify_test_markers.py | tee diagnostics/release_prep_verify_markers.txt; EXIT=${PIPESTATUS[0]}; exit $EXIT'
[info] verify_test_markers: files=1264, cache_hits=1264, cache_misses=0, issues=0, speed_violations=0, property_violations=0
task: [clean] rm -rf dist
task: [clean] rm -rf .pytest_cache
task: [clean] rm -rf .coverage
task: [clean] rm -rf coverage.xml
task: [clean] rm -rf site
task: [clean] find . -type d -name __pycache__ -exec rm -rf {} +
task: [clean] find . -name '*\\,cover' -delete
task: [build:wheel] poetry build --format wheel
Building devsynth (0.1.0a1)
Building wheel
  - Building wheel
  - Built devsynth-0.1.0a1-py3-none-any.whl
task: [build:sdist] poetry build --format sdist
Building devsynth (0.1.0a1)
Building sdist
  - Building sdist
  - Built devsynth-0.1.0a1.tar.gz
task: [test:smoke] PYTEST_DISABLE_PLUGIN_AUTOLOAD=1 poetry run pytest -p no:cov -p no:xdist --maxfail=1 -q
============================================================ ERRORS ============================================================
_____________________________ ERROR collecting tests/behavior/test_cross_interface_consistency.py ______________________________
.E     File "/workspace/devsynth/tests/behavior/test_cross_interface_consistency.py", line 557
E       """Verify that all interfaces indicate completion consistently."""
E                                                                      ^
E   SyntaxError: unterminated triple-quoted string literal (detected at line 562)
======================================================= warnings summary =======================================================
=================================================== short test summary info ====================================================
ERROR tests/behavior/test_cross_interface_consistency.py
!!!!!!!!!!!!!!!!!!!!!!!!!!!!!!!!!!!!!!!!!!!!!!!!!! stopping after 1 failures !!!!!!!!!!!!!!!!!!!!!!!!!!!!!!!!!!!!!!!!!!!!!!!!!!!
8 skipped, 7 warnings, 1 error in 12.56s
task: Failed to run task "release:prep": exit status 1
