$ task release:prep
task: [release:prep] poetry env info --path
/workspace/devsynth/.venv
task: [release:prep] poetry run python scripts/verify_python_version.py
[info] Python 3.12.10 detected
task: [release:prep] poetry install --with dev --extras "tests retrieval chromadb api"
Installing dependencies from lock file

No dependencies to install or update

Installing the current project: devsynth (0.1.0a1)
task: [release:prep] bash -lc 'mkdir -p diagnostics; poetry run python scripts/verify_test_markers.py | tee diagnostics/release_prep_verify_markers.txt; EXIT=${PIPESTATUS[0]}; exit $EXIT'
[info] verify_test_markers: files=1279, cache_hits=1279, cache_misses=0, issues=0, speed_violations=0, property_violations=0
task: [clean] rm -rf dist
task: [clean] rm -rf .pytest_cache
task: [clean] rm -rf .coverage
task: [clean] rm -rf coverage.xml
task: [clean] rm -rf site
task: [clean] find . -type d -name __pycache__ -exec rm -rf {} +
task: [clean] find . -name '*\,cover' -delete
task: [build:wheel] poetry build --format wheel
Building devsynth (0.1.0a1)
Building wheel
  - Building wheel
  - Built devsynth-0.1.0a1-py3-none-any.whl
task: [build:sdist] poetry build --format sdist
Building devsynth (0.1.0a1)
Building sdist
  - Building sdist
  - Built devsynth-0.1.0a1.tar.gz
task: [test:smoke] PYTEST_DISABLE_PLUGIN_AUTOLOAD=1 poetry run pytest -p no:cov -p no:xdist --maxfail=1 -q

============================================================ ERRORS ============================================================
____________________ ERROR collecting tests/behavior/requirements_wizard/test_logging_and_priority_steps.py ____________________
tests/behavior/requirements_wizard/test_logging_and_priority_steps.py:34: in <module>
    scenarios(feature_path(__file__, "general", "logging_and_priority.feature"))
.venv/lib/python3.12/site-packages/pytest_bdd/scenario.py:448: in scenarios
    features_base_dir = get_features_base_dir(caller_path)
                        ^^^^^^^^^^^^^^^^^^^^^^^^^^^^^^^^^^
.venv/lib/python3.12/site-packages/pytest_bdd/scenario.py:388: in get_features_base_dir
    d = get_from_ini("bdd_features_base_dir")
        ^^^^^^^^^^^^^^^^^^^^^^^^^^^^^^^^^^^^^
.venv/lib/python3.12/site-packages/pytest_bdd/scenario.py:400: in get_from_ini
    config = CONFIG_STACK[-1]
             ^^^^^^^^^^^^^^^^
E   IndexError: list index out of range
======================================================= warnings summary =======================================================
.venv/lib/python3.12/site-packages/_pytest/config/__init__.py:833
  /workspace/devsynth/.venv/lib/python3.12/site-packages/_pytest/config/__init__.py:833: PytestAssertRewriteWarning: Module already imported so cannot be rewritten; tests.fixtures.optional_deps
    self.import_plugin(import_spec)

.venv/lib/python3.12/site-packages/astor/op_util.py:92
  /workspace/devsynth/.venv/lib/python3.12/site-packages/astor/op_util.py:92: DeprecationWarning: ast.Num is deprecated and will be removed in Python 3.14; use ast.Constant instead
    precedence_data = dict((getattr(ast, x, None), z) for x, y, z in op_data)

-- Docs: https://docs.pytest.org/en/stable/how-to/capture-warnings.html
================================================= Test Categorization Summary ==================================================
Test Type Distribution:
  Unit Tests: 0
  Integration Tests: 0
  Behavior Tests: 1

Test Speed Distribution:
  Fast Tests (< 1s): 1
  Medium Tests (1-5s): 0
  Slow Tests (> 5s): 0
=================================================== short test summary info ====================================================
ERROR tests/behavior/requirements_wizard/test_logging_and_priority_steps.py - IndexError: list index out of range
!!!!!!!!!!!!!!!!!!!!!!!!!!!!!!!!!!!!!!!!!!!!!!!!!! stopping after 1 failures !!!!!!!!!!!!!!!!!!!!!!!!!!!!!!!!!!!!!!!!!!!!!!!!!!!
1 skipped, 2 warnings, 1 error in 2.20s
task: Failed to run task "release:prep": exit status 1
Status: failed (pytest IndexError in release:prep smoke tests)
